0: Server starting with version 255
0: ==ERR: wrong value -1 for trackMedalsRequirement, defaulting to 0
0: Starting server simracepl gt4 test server
0: maxCarSlots 30 exceeds the allowed slots by Rating requirement (10). Add Track Medal and Safety Rating Requirements to gain up to 30 slots (3 TM + 70 SA)
0: Translated realtime interval hzToMiliseconds(18)=54

0: SessionManager::randomizeGreenFlagTriggers: s:0.890000 e:0.950000 r:0.892375
0: Track donington was set and updated
0: Event changed
0: ==ERR: Ignoring special assist rules for public Multiplayer
0: SessionManager::randomizeGreenFlagTriggers: s:0.890000 e:0.950000 r:0.920805
0: Significant change detected, updating lobby (1|1)
0: maxCarSlots 30 exceeds the allowed slots by Rating requirement (10). Add Track Medal and Safety Rating Requirements to gain up to 30 slots (3 TM + 70 SA)
0: Resetting weekend to friday night
0: Reset time to friday night: 0 -> 0
0: Reset time to first session: 0 -> 234000
0: SessionManager::randomizeGreenFlagTriggers: s:0.890000 e:0.950000 r:0.904891
0: Listening to TCP 9232 | UDP 9231
499: Trying to connect to lobby (0 times, interval 10000 s)
499: Session changed: Practice -> Practice 0
499: Detected sessionPhase <waiting for drivers> -> <waiting for drivers> (Practice)
